Itinerario
--------------------[
Mordor
 Costo: 25
 Tiempo promedio requerido: 3.0
 Cupos: 3
 Tipo de atracción: AVENTURA
 ------------------------, 
Bosque Negro
 Costo: 3
 Tiempo promedio requerido: 4.0
 Cupos: 11
 Tipo de atracción: AVENTURA
 ------------------------, 
Moria
 Costo: 10
 Tiempo promedio requerido: 2.0
 Cupos: 5
 Tipo de atracción: AVENTURA
 ------------------------, 
Minas Tirith
 Costo: 5
 Tiempo promedio requerido: 2.5
 Cupos: 24
 Tipo de atracción: PAISAJE
 ------------------------]
 Costo total: 38
 Tiempo requerido total: 7.0
